{"contracts\\lottery.sol":{"l":{"66":3,"67":3,"68":3,"69":3,"70":3,"71":3,"72":3,"73":3,"77":10,"78":1,"80":9,"81":0,"83":9,"84":9,"96":1,"97":1,"98":1,"99":1,"100":1,"106":1,"107":1,"108":1,"115":0,"117":0,"124":0,"131":0,"132":0,"133":0,"134":0,"135":0,"136":0,"137":0,"139":0,"140":0,"142":0,"148":13,"152":1,"156":0,"160":1,"164":13,"168":0,"172":0,"176":0},"path":"F:\\Block\\Lottery\\Lottery-Raffle\\contracts\\lottery.sol","s":{"1":10,"2":9,"3":9,"4":9,"5":1,"6":1,"7":1,"8":1,"9":1,"10":1,"11":0,"12":0,"13":0,"14":0,"15":0,"16":0,"17":0,"18":13,"19":1,"20":0,"21":1,"22":13,"23":0,"24":0,"25":0},"b":{"1":[1,9],"2":[0,9],"3":[1,0],"4":[0,0]},"f":{"1":3,"2":10,"3":1,"4":1,"5":0,"6":13,"7":1,"8":0,"9":1,"10":13,"11":0,"12":0,"13":0},"fnMap":{"1":{"name":"constructor","line":65,"loc":{"start":{"line":58,"column":2},"end":{"line":74,"column":2}}},"2":{"name":"enterLottery","line":76,"loc":{"start":{"line":76,"column":2},"end":{"line":85,"column":2}}},"3":{"name":"checkUpkeep","line":93,"loc":{"start":{"line":93,"column":2},"end":{"line":101,"column":2}}},"4":{"name":"performUpkeep","line":103,"loc":{"start":{"line":103,"column":2},"end":{"line":125,"column":2}}},"5":{"name":"fulfillRandomWords","line":127,"loc":{"start":{"line":127,"column":2},"end":{"line":143,"column":2}}},"6":{"name":"getEntranceFee","line":147,"loc":{"start":{"line":147,"column":2},"end":{"line":149,"column":2}}},"7":{"name":"getPlayer","line":151,"loc":{"start":{"line":151,"column":2},"end":{"line":153,"column":2}}},"8":{"name":"fetchRecentWinner","line":155,"loc":{"start":{"line":155,"column":2},"end":{"line":157,"column":2}}},"9":{"name":"getLotteryState","line":159,"loc":{"start":{"line":159,"column":2},"end":{"line":161,"column":2}}},"10":{"name":"getInterval","line":163,"loc":{"start":{"line":163,"column":2},"end":{"line":165,"column":2}}},"11":{"name":"getNumOfWords","line":167,"loc":{"start":{"line":167,"column":2},"end":{"line":169,"column":2}}},"12":{"name":"getNumOfPlayers","line":171,"loc":{"start":{"line":171,"column":2},"end":{"line":173,"column":2}}},"13":{"name":"getLatestTimeStamp","line":175,"loc":{"start":{"line":175,"column":2},"end":{"line":177,"column":2}}}},"statementMap":{"1":{"start":{"line":77,"column":4},"end":{"line":77,"column":2336}},"2":{"start":{"line":80,"column":4},"end":{"line":80,"column":2420}},"3":{"start":{"line":83,"column":4},"end":{"line":83,"column":38}},"4":{"start":{"line":84,"column":4},"end":{"line":84,"column":33}},"5":{"start":{"line":96,"column":4},"end":{"line":96,"column":55}},"6":{"start":{"line":97,"column":4},"end":{"line":97,"column":70}},"7":{"start":{"line":98,"column":4},"end":{"line":98,"column":44}},"8":{"start":{"line":99,"column":4},"end":{"line":99,"column":47}},"9":{"start":{"line":106,"column":4},"end":{"line":106,"column":43}},"10":{"start":{"line":107,"column":4},"end":{"line":107,"column":3344}},"11":{"start":{"line":117,"column":4},"end":{"line":117,"column":3571}},"12":{"start":{"line":124,"column":4},"end":{"line":124,"column":42}},"13":{"start":{"line":131,"column":4},"end":{"line":131,"column":61}},"14":{"start":{"line":132,"column":4},"end":{"line":132,"column":59}},"15":{"start":{"line":137,"column":4},"end":{"line":137,"column":76}},"16":{"start":{"line":139,"column":4},"end":{"line":139,"column":4317}},"17":{"start":{"line":142,"column":4},"end":{"line":142,"column":35}},"18":{"start":{"line":148,"column":4},"end":{"line":148,"column":24}},"19":{"start":{"line":152,"column":4},"end":{"line":152,"column":27}},"20":{"start":{"line":156,"column":4},"end":{"line":156,"column":25}},"21":{"start":{"line":160,"column":4},"end":{"line":160,"column":25}},"22":{"start":{"line":164,"column":4},"end":{"line":164,"column":21}},"23":{"start":{"line":168,"column":4},"end":{"line":168,"column":20}},"24":{"start":{"line":172,"column":4},"end":{"line":172,"column":27}},"25":{"start":{"line":176,"column":4},"end":{"line":176,"column":26}}},"branchMap":{"1":{"line":77,"type":"if","locations":[{"start":{"line":77,"column":4},"end":{"line":77,"column":4}},{"start":{"line":77,"column":4},"end":{"line":77,"column":4}}]},"2":{"line":80,"type":"if","locations":[{"start":{"line":80,"column":4},"end":{"line":80,"column":4}},{"start":{"line":80,"column":4},"end":{"line":80,"column":4}}]},"3":{"line":107,"type":"if","locations":[{"start":{"line":107,"column":4},"end":{"line":107,"column":4}},{"start":{"line":107,"column":4},"end":{"line":107,"column":4}}]},"4":{"line":139,"type":"if","locations":[{"start":{"line":139,"column":4},"end":{"line":139,"column":4}},{"start":{"line":139,"column":4},"end":{"line":139,"column":4}}]}}},"contracts\\test\\VRFCoordinatorV2Mock.sol":{"l":{},"path":"F:\\Block\\Lottery\\Lottery-Raffle\\contracts\\test\\VRFCoordinatorV2Mock.sol","s":{},"b":{},"f":{},"fnMap":{},"statementMap":{},"branchMap":{}}}