TN:
SF:F:\Block\Lottery\Lottery-Raffle\contracts\lottery.sol
FN:65,constructor
FN:76,enterLottery
FN:93,checkUpkeep
FN:103,performUpkeep
FN:127,fulfillRandomWords
FN:147,getEntranceFee
FN:151,getPlayer
FN:155,fetchRecentWinner
FN:159,getLotteryState
FN:163,getInterval
FN:167,getNumOfWords
FN:171,getNumOfPlayers
FN:175,getLatestTimeStamp
FNF:13
FNH:6
FNDA:3,constructor
FNDA:4,enterLottery
FNDA:0,checkUpkeep
FNDA:0,performUpkeep
FNDA:0,fulfillRandomWords
FNDA:5,getEntranceFee
FNDA:1,getPlayer
FNDA:0,fetchRecentWinner
FNDA:1,getLotteryState
FNDA:5,getInterval
FNDA:0,getNumOfWords
FNDA:0,getNumOfPlayers
FNDA:0,getLatestTimeStamp
DA:66,3
DA:67,3
DA:68,3
DA:69,3
DA:70,3
DA:71,3
DA:72,3
DA:73,3
DA:77,4
DA:78,1
DA:80,3
DA:81,0
DA:83,3
DA:84,3
DA:96,0
DA:97,0
DA:98,0
DA:99,0
DA:100,0
DA:106,0
DA:107,0
DA:108,0
DA:115,0
DA:117,0
DA:124,0
DA:131,0
DA:132,0
DA:133,0
DA:134,0
DA:135,0
DA:136,0
DA:137,0
DA:139,0
DA:140,0
DA:142,0
DA:148,5
DA:152,1
DA:156,0
DA:160,1
DA:164,5
DA:168,0
DA:172,0
DA:176,0
LF:43
LH:17
BRDA:77,1,0,1
BRDA:77,1,1,3
BRDA:80,2,0,0
BRDA:80,2,1,3
BRDA:107,3,0,0
BRDA:107,3,1,0
BRDA:139,4,0,0
BRDA:139,4,1,0
BRF:8
BRH:3
end_of_record
TN:
SF:F:\Block\Lottery\Lottery-Raffle\contracts\test\VRFCoordinatorV2Mock.sol
FNF:0
FNH:0
LF:0
LH:0
BRF:0
BRH:0
end_of_record
