TN:
SF:F:\Block\Lottery\Lottery-Raffle\contracts\lottery.sol
FN:65,constructor
FN:76,enterLottery
FN:93,checkUpkeep
FN:103,performUpkeep
FN:127,fulfillRandomWords
FN:147,getEntranceFee
FN:151,getPlayer
FN:155,fetchRecentWinner
FN:159,getLotteryState
FN:163,getInterval
FN:167,getNumOfWords
FN:171,getNumOfPlayers
FN:175,getLatestTimeStamp
FNF:13
FNH:8
FNDA:3,constructor
FNDA:10,enterLottery
FNDA:1,checkUpkeep
FNDA:1,performUpkeep
FNDA:0,fulfillRandomWords
FNDA:13,getEntranceFee
FNDA:1,getPlayer
FNDA:0,fetchRecentWinner
FNDA:1,getLotteryState
FNDA:13,getInterval
FNDA:0,getNumOfWords
FNDA:0,getNumOfPlayers
FNDA:0,getLatestTimeStamp
DA:66,3
DA:67,3
DA:68,3
DA:69,3
DA:70,3
DA:71,3
DA:72,3
DA:73,3
DA:77,10
DA:78,1
DA:80,9
DA:81,0
DA:83,9
DA:84,9
DA:96,1
DA:97,1
DA:98,1
DA:99,1
DA:100,1
DA:106,1
DA:107,1
DA:108,1
DA:115,0
DA:117,0
DA:124,0
DA:131,0
DA:132,0
DA:133,0
DA:134,0
DA:135,0
DA:136,0
DA:137,0
DA:139,0
DA:140,0
DA:142,0
DA:148,13
DA:152,1
DA:156,0
DA:160,1
DA:164,13
DA:168,0
DA:172,0
DA:176,0
LF:43
LH:25
BRDA:77,1,0,1
BRDA:77,1,1,9
BRDA:80,2,0,0
BRDA:80,2,1,9
BRDA:107,3,0,1
BRDA:107,3,1,0
BRDA:139,4,0,0
BRDA:139,4,1,0
BRF:8
BRH:4
end_of_record
TN:
SF:F:\Block\Lottery\Lottery-Raffle\contracts\test\VRFCoordinatorV2Mock.sol
FNF:0
FNH:0
LF:0
LH:0
BRF:0
BRH:0
end_of_record
